<?xml version="1.0" encoding="UTF-8"?>
<!-- Generated by org.testng.reporters.JUnitXMLReporter -->
<testsuite ignored="11" hostname="DESKTOP-KD7B1SL" failures="1" tests="2" name="Test(failed)(failed)" time="37.06" errors="0" timestamp="2022-10-20T18:17:10 IST">
  <testcase classname="admin_scripts.Ad_Licences" name="tc6_Enter_Valid_Coupon_Code" time="11.374">
    <failure type="java.lang.AssertionError" message="expected [invalid coupon code] but found [Coupoun applied successfully]">
      <![CDATA[java.lang.AssertionError: expected [invalid coupon code] but found [Coupoun applied successfully]
at admin_scripts.Ad_Licences.tc6_Enter_Valid_Coupon_Code(Ad_Licences.java:254)
at java.base/java.util.ArrayList.forEach(ArrayList.java:1511)
... Removed 33 stack frames]]>
    </failure>
  </testcase> <!-- tc6_Enter_Valid_Coupon_Code -->
  <testcase classname="admin_scripts.Ad_Licences" name="tc10_EmptyFields_pay_Using_card_Btn" time="18.327"/>
  <testcase classname="admin_scripts.Ad_Licences" name="tc8_Place_your_Order_Btn" time="0.0">
    <ignored/>
  </testcase> <!-- tc8_Place_your_Order_Btn -->
  <testcase classname="admin_scripts.Ad_Licences" name="tc4_Licences_SubstractBtn" time="0.0">
    <ignored/>
  </testcase> <!-- tc4_Licences_SubstractBtn -->
  <testcase classname="admin_scripts.Ad_Licences" name="tc1_Licences" time="0.0">
    <ignored/>
  </testcase> <!-- tc1_Licences -->
  <testcase classname="admin_scripts.Ad_Licences" name="tc5_Enter_Coupon_code" time="0.0">
    <ignored/>
  </testcase> <!-- tc5_Enter_Coupon_code -->
  <testcase classname="admin_scripts.Ad_Licences" name="tc7_Enter_inValid_Coupon_Code" time="0.0">
    <ignored/>
  </testcase> <!-- tc7_Enter_inValid_Coupon_Code -->
  <testcase classname="admin_scripts.Ad_Licences" name="tc2_Licences_Buy_MoreBTN" time="0.0">
    <ignored/>
  </testcase> <!-- tc2_Licences_Buy_MoreBTN -->
  <testcase classname="admin_scripts.Ad_Licences" name="tc3_Licences_AddBtn" time="0.0">
    <ignored/>
  </testcase> <!-- tc3_Licences_AddBtn -->
  <testcase classname="admin_scripts.Ad_Licences" name="tc13_Card_AfterOTP" time="0.0">
    <ignored/>
  </testcase> <!-- tc13_Card_AfterOTP -->
  <testcase classname="admin_scripts.Ad_Licences" name="tc12_Card_beforeOTP" time="0.0">
    <ignored/>
  </testcase> <!-- tc12_Card_beforeOTP -->
  <testcase classname="admin_scripts.Ad_Licences" name="tc9_Payment_language" time="0.0">
    <ignored/>
  </testcase> <!-- tc9_Payment_language -->
  <testcase classname="admin_scripts.Ad_Licences" name="tc11_Vlid_pay_Using_card_Btn" time="0.0">
    <ignored/>
  </testcase> <!-- tc11_Vlid_pay_Using_card_Btn -->
</testsuite> <!-- Test(failed)(failed) -->
