<?xml version="1.0" encoding="UTF-8"?>
<!-- Generated by org.testng.reporters.JUnitXMLReporter -->
<testsuite ignored="20" hostname="DESKTOP-KD7B1SL" failures="2" tests="3" name="Test(failed)" time="54.698" errors="0" timestamp="2022-10-20T18:13:42 IST">
  <testcase classname="admin_scripts.Ad_Create_Schedules" name="tc3_Calendars" time="15.884"/>
  <testcase classname="admin_scripts.Ad_Licences" name="tc6_Enter_Valid_Coupon_Code" time="14.484">
    <failure type="java.lang.AssertionError" message="expected [invalid coupon code] but found [Coupoun applied successfully]">
      <![CDATA[java.lang.AssertionError: expected [invalid coupon code] but found [Coupoun applied successfully]
at admin_scripts.Ad_Licences.tc6_Enter_Valid_Coupon_Code(Ad_Licences.java:254)
at java.base/java.util.ArrayList.forEach(ArrayList.java:1511)
... Removed 33 stack frames]]>
    </failure>
  </testcase> <!-- tc6_Enter_Valid_Coupon_Code -->
  <testcase classname="admin_scripts.Ad_Licences" name="tc10_EmptyFields_pay_Using_card_Btn" time="13.789">
    <failure type="org.openqa.selenium.NoSuchFrameException" message="no such frame
  (Session info: chrome=106.0.5249.119)
Build info: version: &amp;apos;4.4.0&amp;apos;, revision: &amp;apos;e5c75ed026a&amp;apos;
System info: host: &amp;apos;DESKTOP-KD7B1SL&amp;apos;, ip: &amp;apos;172.16.16.169&amp;apos;, os.name: &amp;apos;Windows 10&amp;apos;, os.arch: &amp;apos;amd64&amp;apos;, os.version: &amp;apos;10.0&amp;apos;, java.version: &amp;apos;17.0.4&amp;apos;
Driver info: org.openqa.selenium.chrome.ChromeDriver
Command: [e112d8b3b43997951eaafa5a5dfcb667, switchToFrame {id=0}]
Capabilities {acceptInsecureCerts: false, browserName: chrome, browserVersion: 106.0.5249.119, chrome: {chromedriverVersion: 106.0.5249.61 (511755355844..., userDataDir: C:\Users\Sohel\AppData\Loca...}, goog:chromeOptions: {debuggerAddress: localhost:50188}, networkConnectionEnabled: false, pageLoadStrategy: normal, platformName: WINDOWS, proxy: Proxy(), se:cdp: ws://localhost:50188/devtoo..., se:cdpVersion: 106.0.5249.119, setWindowRect: true, strictFileInteractability: false, timeouts: {implicit: 0, pageLoad: 300000, script: 30000}, unhandledPromptBehavior: dismiss and notify, webauthn:extension:credBlob: true, webauthn:extension:largeBlob: true, webauthn:virtualAuthenticators: true}
Session ID: e112d8b3b43997951eaafa5a5dfcb667">
      <![CDATA[org.openqa.selenium.NoSuchFrameException: no such frame
  (Session info: chrome=106.0.5249.119)
Build info: version: '4.4.0', revision: 'e5c75ed026a'
System info: host: 'DESKTOP-KD7B1SL', ip: '172.16.16.169', os.name: 'Windows 10', os.arch: 'amd64', os.version: '10.0', java.version: '17.0.4'
Driver info: org.openqa.selenium.chrome.ChromeDriver
Command: [e112d8b3b43997951eaafa5a5dfcb667, switchToFrame {id=0}]
Capabilities {acceptInsecureCerts: false, browserName: chrome, browserVersion: 106.0.5249.119, chrome: {chromedriverVersion: 106.0.5249.61 (511755355844..., userDataDir: C:\Users\Sohel\AppData\Loca...}, goog:chromeOptions: {debuggerAddress: localhost:50188}, networkConnectionEnabled: false, pageLoadStrategy: normal, platformName: WINDOWS, proxy: Proxy(), se:cdp: ws://localhost:50188/devtoo..., se:cdpVersion: 106.0.5249.119, setWindowRect: true, strictFileInteractability: false, timeouts: {implicit: 0, pageLoad: 300000, script: 30000}, unhandledPromptBehavior: dismiss and notify, webauthn:extension:credBlob: true, webauthn:extension:largeBlob: true, webauthn:virtualAuthenticators: true}
Session ID: e112d8b3b43997951eaafa5a5dfcb667
at org.openqa.selenium.remote.codec.w3c.W3CHttpResponseCodec.createException(W3CHttpResponseCodec.java:200)
at org.openqa.selenium.remote.codec.w3c.W3CHttpResponseCodec.decode(W3CHttpResponseCodec.java:133)
at org.openqa.selenium.remote.codec.w3c.W3CHttpResponseCodec.decode(W3CHttpResponseCodec.java:53)
at org.openqa.selenium.remote.HttpCommandExecutor.execute(HttpCommandExecutor.java:184)
at org.openqa.selenium.remote.service.DriverCommandExecutor.invokeExecute(DriverCommandExecutor.java:167)
at org.openqa.selenium.remote.service.DriverCommandExecutor.execute(DriverCommandExecutor.java:142)
at org.openqa.selenium.remote.RemoteWebDriver.execute(RemoteWebDriver.java:547)
at org.openqa.selenium.remote.RemoteWebDriver$RemoteTargetLocator.frame(RemoteWebDriver.java:1049)
at admin_scripts.Ad_Licences.tc10_EmptyFields_pay_Using_card_Btn(Ad_Licences.java:477)
at java.base/java.util.ArrayList.forEach(ArrayList.java:1511)
... Removed 32 stack frames]]>
    </failure>
  </testcase> <!-- tc10_EmptyFields_pay_Using_card_Btn -->
  <testcase classname="admin_scripts.Ad_Licences" name="tc8_Place_your_Order_Btn" time="0.0">
    <ignored/>
  </testcase> <!-- tc8_Place_your_Order_Btn -->
  <testcase classname="admin_scripts.Ad_Licences" name="tc7_Enter_inValid_Coupon_Code" time="0.0">
    <ignored/>
  </testcase> <!-- tc7_Enter_inValid_Coupon_Code -->
  <testcase classname="admin_scripts.Ad_Licences" name="tc2_Licences_Buy_MoreBTN" time="0.0">
    <ignored/>
  </testcase> <!-- tc2_Licences_Buy_MoreBTN -->
  <testcase classname="admin_scripts.Ad_Create_Schedules" name="tc4_Chexk_Box" time="0.0">
    <ignored/>
  </testcase> <!-- tc4_Chexk_Box -->
  <testcase classname="admin_scripts.Ad_Licences" name="tc13_Card_AfterOTP" time="0.0">
    <ignored/>
  </testcase> <!-- tc13_Card_AfterOTP -->
  <testcase classname="admin_scripts.Ad_Licences" name="tc12_Card_beforeOTP" time="0.0">
    <ignored/>
  </testcase> <!-- tc12_Card_beforeOTP -->
  <testcase classname="admin_scripts.Ad_Licences" name="tc11_Vlid_pay_Using_card_Btn" time="0.0">
    <ignored/>
  </testcase> <!-- tc11_Vlid_pay_Using_card_Btn -->
  <testcase classname="admin_scripts.Ad_Create_Schedules" name="tc10_Create_and_delete" time="0.0">
    <ignored/>
  </testcase> <!-- tc10_Create_and_delete -->
  <testcase classname="admin_scripts.Ad_Create_Schedules" name="tc1_Create_Schedule" time="0.0">
    <ignored/>
  </testcase> <!-- tc1_Create_Schedule -->
  <testcase classname="admin_scripts.Ad_Create_Schedules" name="tc2_Create" time="0.0">
    <ignored/>
  </testcase> <!-- tc2_Create -->
  <testcase classname="admin_scripts.Ad_Licences" name="tc4_Licences_SubstractBtn" time="0.0">
    <ignored/>
  </testcase> <!-- tc4_Licences_SubstractBtn -->
  <testcase classname="admin_scripts.Ad_Licences" name="tc1_Licences" time="0.0">
    <ignored/>
  </testcase> <!-- tc1_Licences -->
  <testcase classname="admin_scripts.Ad_Licences" name="tc5_Enter_Coupon_code" time="0.0">
    <ignored/>
  </testcase> <!-- tc5_Enter_Coupon_code -->
  <testcase classname="admin_scripts.Ad_Create_Schedules" name="tc8_create_Schedule" time="0.0">
    <ignored/>
  </testcase> <!-- tc8_create_Schedule -->
  <testcase classname="admin_scripts.Ad_Create_Schedules" name="tc9_Delete_Schedule" time="0.0">
    <ignored/>
  </testcase> <!-- tc9_Delete_Schedule -->
  <testcase classname="admin_scripts.Ad_Create_Schedules" name="tc7_radio_Buttons" time="0.0">
    <ignored/>
  </testcase> <!-- tc7_radio_Buttons -->
  <testcase classname="admin_scripts.Ad_Licences" name="tc3_Licences_AddBtn" time="0.0">
    <ignored/>
  </testcase> <!-- tc3_Licences_AddBtn -->
  <testcase classname="admin_scripts.Ad_Create_Schedules" name="tc6_Timings" time="0.0">
    <ignored/>
  </testcase> <!-- tc6_Timings -->
  <testcase classname="admin_scripts.Ad_Create_Schedules" name="tc5_Holidays" time="0.0">
    <ignored/>
  </testcase> <!-- tc5_Holidays -->
  <testcase classname="admin_scripts.Ad_Licences" name="tc9_Payment_language" time="0.0">
    <ignored/>
  </testcase> <!-- tc9_Payment_language -->
</testsuite> <!-- Test(failed) -->
