<?xml version="1.0" encoding="UTF-8"?>
<!-- Generated by org.testng.reporters.JUnitXMLReporter -->
<testsuite ignored="9" hostname="DESKTOP-KD7B1SL" failures="1" tests="1" name="Test(failed)(failed)(failed)" time="23.049" errors="0" timestamp="2022-10-17T17:24:50 IST">
  <testcase classname="Customer_scripts.Cust_Avatar_Profile" name="tc9_Delete_Avatar" time="18.26">
    <failure type="org.openqa.selenium.NoSuchElementException" message="no such element: Unable to locate element: {&amp;quot;method&amp;quot;:&amp;quot;xpath&amp;quot;,&amp;quot;selector&amp;quot;:&amp;quot;//div[@class=&amp;apos;flexInline PrflDeleteCntr justifyCntr alignCntr pointer&amp;apos;]&amp;quot;}
  (Session info: chrome=106.0.5249.119)
For documentation on this error, please visit: https://selenium.dev/exceptions/#no_such_element
Build info: version: &amp;apos;4.4.0&amp;apos;, revision: &amp;apos;e5c75ed026a&amp;apos;
System info: host: &amp;apos;DESKTOP-KD7B1SL&amp;apos;, ip: &amp;apos;172.16.16.169&amp;apos;, os.name: &amp;apos;Windows 10&amp;apos;, os.arch: &amp;apos;amd64&amp;apos;, os.version: &amp;apos;10.0&amp;apos;, java.version: &amp;apos;17.0.4&amp;apos;
Driver info: org.openqa.selenium.chrome.ChromeDriver
Command: [f18d123c339672e5a978c3a3ce6de514, findElement {using=xpath, value=//div[@class=&amp;apos;flexInline PrflDeleteCntr justifyCntr alignCntr pointer&amp;apos;]}]
Capabilities {acceptInsecureCerts: false, browserName: chrome, browserVersion: 106.0.5249.119, chrome: {chromedriverVersion: 106.0.5249.61 (511755355844..., userDataDir: C:\Users\Sohel\AppData\Loca...}, goog:chromeOptions: {debuggerAddress: localhost:54073}, networkConnectionEnabled: false, pageLoadStrategy: normal, platformName: WINDOWS, proxy: Proxy(), se:cdp: ws://localhost:54073/devtoo..., se:cdpVersion: 106.0.5249.119, setWindowRect: true, strictFileInteractability: false, timeouts: {implicit: 0, pageLoad: 300000, script: 30000}, unhandledPromptBehavior: dismiss and notify, webauthn:extension:credBlob: true, webauthn:extension:largeBlob: true, webauthn:virtualAuthenticators: true}
Session ID: f18d123c339672e5a978c3a3ce6de514">
      <![CDATA[org.openqa.selenium.NoSuchElementException: no such element: Unable to locate element: {"method":"xpath","selector":"//div[@class='flexInline PrflDeleteCntr justifyCntr alignCntr pointer']"}
  (Session info: chrome=106.0.5249.119)
For documentation on this error, please visit: https://selenium.dev/exceptions/#no_such_element
Build info: version: '4.4.0', revision: 'e5c75ed026a'
System info: host: 'DESKTOP-KD7B1SL', ip: '172.16.16.169', os.name: 'Windows 10', os.arch: 'amd64', os.version: '10.0', java.version: '17.0.4'
Driver info: org.openqa.selenium.chrome.ChromeDriver
Command: [f18d123c339672e5a978c3a3ce6de514, findElement {using=xpath, value=//div[@class='flexInline PrflDeleteCntr justifyCntr alignCntr pointer']}]
Capabilities {acceptInsecureCerts: false, browserName: chrome, browserVersion: 106.0.5249.119, chrome: {chromedriverVersion: 106.0.5249.61 (511755355844..., userDataDir: C:\Users\Sohel\AppData\Loca...}, goog:chromeOptions: {debuggerAddress: localhost:54073}, networkConnectionEnabled: false, pageLoadStrategy: normal, platformName: WINDOWS, proxy: Proxy(), se:cdp: ws://localhost:54073/devtoo..., se:cdpVersion: 106.0.5249.119, setWindowRect: true, strictFileInteractability: false, timeouts: {implicit: 0, pageLoad: 300000, script: 30000}, unhandledPromptBehavior: dismiss and notify, webauthn:extension:credBlob: true, webauthn:extension:largeBlob: true, webauthn:virtualAuthenticators: true}
Session ID: f18d123c339672e5a978c3a3ce6de514
at org.openqa.selenium.remote.codec.w3c.W3CHttpResponseCodec.createException(W3CHttpResponseCodec.java:200)
at org.openqa.selenium.remote.codec.w3c.W3CHttpResponseCodec.decode(W3CHttpResponseCodec.java:133)
at org.openqa.selenium.remote.codec.w3c.W3CHttpResponseCodec.decode(W3CHttpResponseCodec.java:53)
at org.openqa.selenium.remote.HttpCommandExecutor.execute(HttpCommandExecutor.java:184)
at org.openqa.selenium.remote.service.DriverCommandExecutor.invokeExecute(DriverCommandExecutor.java:167)
at org.openqa.selenium.remote.service.DriverCommandExecutor.execute(DriverCommandExecutor.java:142)
at org.openqa.selenium.remote.RemoteWebDriver.execute(RemoteWebDriver.java:547)
at org.openqa.selenium.remote.ElementLocation$ElementFinder$2.findElement(ElementLocation.java:162)
at org.openqa.selenium.remote.ElementLocation.findElement(ElementLocation.java:60)
at org.openqa.selenium.remote.RemoteWebDriver.findElement(RemoteWebDriver.java:365)
at org.openqa.selenium.remote.RemoteWebDriver.findElement(RemoteWebDriver.java:357)
at Customer_scripts.Cust_Avatar_Profile.tc9_Delete_Avatar(Cust_Avatar_Profile.java:423)
at java.base/java.util.ArrayList.forEach(ArrayList.java:1511)
... Removed 32 stack frames]]>
    </failure>
  </testcase> <!-- tc9_Delete_Avatar -->
  <testcase classname="Customer_scripts.Cust_Avatar_Profile" name="tc6_My_Profile_Country" time="0.0">
    <ignored/>
  </testcase> <!-- tc6_My_Profile_Country -->
  <testcase classname="Customer_scripts.Cust_Avatar_Profile" name="tc4_My_Profile_Gender" time="0.0">
    <ignored/>
  </testcase> <!-- tc4_My_Profile_Gender -->
  <testcase classname="Customer_scripts.Cust_Avatar_Profile" name="tc3_My_Profile_LastName" time="0.0">
    <ignored/>
  </testcase> <!-- tc3_My_Profile_LastName -->
  <testcase classname="Customer_scripts.Cust_Avatar_Profile" name="tc2_My_Profile_FirstName" time="0.0">
    <ignored/>
  </testcase> <!-- tc2_My_Profile_FirstName -->
  <testcase classname="Customer_scripts.Cust_Avatar_Profile" name="tc7_Complete_My_Profile" time="0.0">
    <ignored/>
  </testcase> <!-- tc7_Complete_My_Profile -->
  <testcase classname="Customer_scripts.Cust_Avatar_Profile" name="tc5_My_Profile_Phone" time="0.0">
    <ignored/>
  </testcase> <!-- tc5_My_Profile_Phone -->
  <testcase classname="Customer_scripts.Cust_Avatar_Profile" name="tc8_Upload_Avatar" time="0.0">
    <ignored/>
  </testcase> <!-- tc8_Upload_Avatar -->
  <testcase classname="Customer_scripts.Cust_Avatar_Profile" name="tc10_Upload_Avatar" time="0.0">
    <ignored/>
  </testcase> <!-- tc10_Upload_Avatar -->
  <testcase classname="Customer_scripts.Cust_Avatar_Profile" name="tc1_Avatar_My_Profile" time="0.0">
    <ignored/>
  </testcase> <!-- tc1_Avatar_My_Profile -->
</testsuite> <!-- Test(failed)(failed)(failed) -->
